/ Opera-3d Modeller
/ Opera 2020 SP3 [Build 2]
/ Started: 11/Jun/2024 11:59:46
/ Node: TUCAN-MAGPC. Processor: Intel64. System: Windows 10
$COMI FILE='C:\Users\mzhao\OPERA_MSR\layer_meshing_ver.comi' MODE=CONT

$ COMI 'C:\Users\mzhao\OPERA_MSR\layer_meshing_ver.comi'
$ COMI 'C:\Users\mzhao\OPERA_MSR\layer_meshing_ver.comi'
$ COMI 'C:\Users\mzhao\OPERA_MSR\layer_meshing_ver.comi'
MULTIPHYSICS OPTION=RESET
ANALYSISDATA OPTION=SET PROGRAM=ELEKTRATR DELTAT=0.01 HX=0 HY=0 HZ=0 LINEAR=NO LOGLIST= LOGLIST+=TTime NITERATIONS=21 NLITERTYPE=NEWTON RHS=ADAPTIVE TOLERANCE=0.001 UPDATE=SIMPLE USEDEFORMEDMESH=NO
DRIVE UNPICK | DRIVE GUIINIT
DRIVE OPTION=PICK  DRIVELABEL=drive1
DRIVE PICK 'drive1'
DRIVE UNPICK
FILTER TYPE=FACE
PREVIEW OPTION=PICK | PICK OPTION=ADD TYPE=FACE UNIQUEBODYNAME='Unnamed:AAA-001' IDENTIFIER=A.00168

PREVIEW OPTION=ACCEPT REDISPLAY=NO |  FACEDATA OPTION=MODIFY ELEMENTTYPE=Linear FORMETHOD=NONE BACKMETHOD=GEOMETRY BACKLAYERS=2 BACKOFFSET=0.001
PREVIEW OPTION=PICK | PICK OPTION=ADD TYPE=FACE UNIQUEBODYNAME='Unnamed:AAA-001' IDENTIFIER=A.00167

PREVIEW OPTION=ACCEPT REDISPLAY=NO |  FACEDATA OPTION=MODIFY ELEMENTTYPE=Linear FORMETHOD=NONE BACKMETHOD=GEOMETRY BACKLAYERS=2 BACKOFFSET=0.001
PREVIEW OPTION=PICK | PICK OPTION=ADD TYPE=FACE UNIQUEBODYNAME='Unnamed:AAA-001' IDENTIFIER=A.00164

PREVIEW OPTION=ACCEPT REDISPLAY=NO |  FACEDATA OPTION=MODIFY ELEMENTTYPE=Linear FORMETHOD=NONE BACKMETHOD=GEOMETRY BACKLAYERS=2 BACKOFFSET=0.001
PREVIEW OPTION=PICK | PICK OPTION=ADD TYPE=FACE UNIQUEBODYNAME='Unnamed:AAA-001' IDENTIFIER=A.00166

PREVIEW OPTION=ACCEPT REDISPLAY=NO |  FACEDATA OPTION=MODIFY ELEMENTTYPE=Linear FORMETHOD=NONE BACKMETHOD=GEOMETRY BACKLAYERS=2 BACKOFFSET=0.001
PREVIEW OPTION=PICK | PICK OPTION=ADD TYPE=FACE UNIQUEBODYNAME='Unnamed:AAA-001' IDENTIFIER=A.00169

PREVIEW OPTION=ACCEPT REDISPLAY=NO |  FACEDATA OPTION=MODIFY ELEMENTTYPE=Linear FORMETHOD=NONE BACKMETHOD=GEOMETRY BACKLAYERS=2 BACKOFFSET=0.001
PREVIEW OPTION=PICK | PICK OPTION=ADD TYPE=FACE UNIQUEBODYNAME='Unnamed:AAA-001' IDENTIFIER=A.00165

PREVIEW OPTION=ACCEPT REDISPLAY=NO |  FACEDATA OPTION=MODIFY ELEMENTTYPE=Linear FORMETHOD=NONE BACKMETHOD=GEOMETRY BACKLAYERS=2 BACKOFFSET=0.001
MODEL CREATE
MESH GENERATOR=AUTOMATIC SIZE=0.5 NORMALTOL=30.0 SURFACETOL=0.0 TOLERANCE=1.0E-06 TYPE=PREFERTETRA
WINDOW MESH=NO
WINDOW MESH=YES
FILL TOL=1.0E-06
MODEL DELETE
BACKGROUND OPTION=LOAD
BACKGROUND OPTION=SET SHAPE=BLOCK SCALEX=3 SCALEY=3 SCALEZ=3   XYSYMMETRYPLANE=NO YZSYMMETRYPLANE=YES ROTZNUM=1 ZXSYMMETRYPLANE=NO EMRYZ=TANGMAGN
MODEL CREATE
MESH GENERATOR=AUTOMATIC SIZE=0.5 NORMALTOL=30.0 SURFACETOL=0.0 TOLERANCE=1.0E-06 TYPE=PREFERTETRA
MODEL DELETE
SKETCH OBJECT=BLOCK +COMPLETE

$ COMI 'C:\Users\mzhao\OPERA_MSR\layer_meshing_ver.comi'
FILTER COMMAND=CURSORHIDE
SELECT OPTION=CURSORHIDE PROPERTY=UniqueName LABEL='AirBlockOut'
/ inner airblock
SKETCH OBJECT=BLOCK +COMPLETE
PREVIEW OPTION=END REDISPLAY=NO |  BLOCK Name='AirBlockIn' X0=1.2 Y0=1.2 Z0=1.2 X1=-1.2 Y1=-1.2 Z1=-1.2 MATERIALLABEL='Air' LEVEL=#air_red_DSL
/ rename
FILTER TYPE=BODY
PREVIEW OPTION=PICK | PICK OPTION=ADD PROPERTY=UniqueName LABEL='AirBlockIn'
PREVIEW OPTION=ACCEPT REDISPLAY=NO |  RENAME NAME='AirBlockIn' UNIQUENAME='AirBlockIn'
/ mesh parameters
PREVIEW OPTION=PICK | PICK OPTION=ADD PROPERTY=UniqueName LABEL='AirBlockIn'
PREVIEW OPTION=ACCEPT REDISPLAY=NO |  CELLDATA OPTION=MODIFY MATERIALLABEL='Air' POTENTIAL=Reduced ELEMENTTYPE=Linear LEVEL=#air_red_DSL SIZE=#air_red_MES NORMALTOL=#air_MAbE ELEMSHAPEPREF=NONE
$ COMI 'C:\Users\mzhao\OPERA_MSR\layer_meshing_ver.comi'
MODEL CREATE
MODEL DELETE
BACKGROUND OPTION=LOAD
BACKGROUND OPTION=SET SHAPE=BLOCK SCALEX=2 SCALEY=2 SCALEZ=2   XYSYMMETRYPLANE=NO YZSYMMETRYPLANE=YES ROTZNUM=1 ZXSYMMETRYPLANE=NO EMRYZ=TANGMAGN
MODEL CREATE
MESH GENERATOR=AUTOMATIC SIZE=1.0 NORMALTOL=30.0 SURFACETOL=0.0 TOLERANCE=1.0E-06 TYPE=PREFERTETRA
$ COMI 'C:\Users\mzhao\OPERA_MSR\layer_meshing_ver.comi'
$ COMI 'C:\Users\mzhao\OPERA_MSR\layer_meshing_ver.comi'
$ COMI 'C:\Users\mzhao\OPERA_MSR\layer_meshing_ver.comi'
MESH GENERATOR=AUTOMATIC SIZE=1.0 NORMALTOL=30.0 SURFACETOL=0.0 TOLERANCE=1.0E-06 TYPE=PREFERTETRA
MODEL DELETE
$ COMI 'C:\Users\mzhao\OPERA_MSR\layer_meshing_ver.comi'

PREVIEW OPTION=UNPICK REDISPLAY=YES
FILTER TYPE=BODY
PREVIEW OPTION=PICK | PICK OPTION=ADD PROPERTY=UniqueName LABEL='Unnamed:AAA-001'

PREVIEW OPTION=UNPICK REDISPLAY=YES
FILTER TYPE=BODY
FILTER TYPE=FACE
PREVIEW OPTION=PICK | PICK OPTION=ADD TYPE=FACE UNIQUEBODYNAME='Unnamed:AAA-001' IDENTIFIER=A.00167

PREVIEW OPTION=UNPICK REDISPLAY=YES
PREVIEW OPTION=PICK | PICK OPTION=ADD TYPE=FACE UNIQUEBODYNAME='Unnamed:AAA-001' IDENTIFIER=A.00164

PREVIEW OPTION=UNPICK REDISPLAY=YES
PREVIEW OPTION=PICK | PICK OPTION=ADD TYPE=FACE UNIQUEBODYNAME='Unnamed:AAA-001' IDENTIFIER=A.00168

PREVIEW OPTION=UNPICK REDISPLAY=YES
PREVIEW OPTION=PICK | PICK OPTION=ADD TYPE=FACE UNIQUEBODYNAME='Unnamed:AAA-001' IDENTIFIER=A.00166

PREVIEW OPTION=UNPICK REDISPLAY=YES
PREVIEW OPTION=PICK | PICK OPTION=ADD TYPE=FACE UNIQUEBODYNAME='Unnamed:AAA-001' IDENTIFIER=A.00164

PREVIEW OPTION=UNPICK REDISPLAY=YES
PREVIEW OPTION=PICK | PICK OPTION=ADD TYPE=FACE UNIQUEBODYNAME='Unnamed:AAA-001' IDENTIFIER=A.00165

PREVIEW OPTION=UNPICK REDISPLAY=YES
PREVIEW OPTION=PICK | PICK OPTION=ADD TYPE=FACE UNIQUEBODYNAME='Unnamed:AAA-001' IDENTIFIER=A.00168

PREVIEW OPTION=UNPICK REDISPLAY=YES
PREVIEW OPTION=PICK | PICK OPTION=ADD TYPE=FACE UNIQUEBODYNAME='Unnamed:AAA-001' IDENTIFIER=A.00169

PREVIEW OPTION=UNPICK REDISPLAY=YES
$ COMI 'C:\Users\mzhao\OPERA_MSR\layer_meshing_ver.comi'
$ COMI 'C:\Users\mzhao\OPERA_MSR\layer_meshing_ver.comi'
$ COMI 'C:\Users\mzhao\OPERA_MSR\layer_meshing_ver.comi'

$string yesorno YES
CLEAR REVERT=NO

YES
LOAD OPTION=INSERT FILE='stpfiles//layer5_body.STEP'
$ COMI 'C:\Users\mzhao\OPERA_MSR\layer_meshing_ver.comi'
CLEAR REVERT=NO
yues
yes
LOAD OPTION=INSERT FILE='stpfiles//layer5_door.STEP'
$ COMI 'C:\Users\mzhao\OPERA_MSR\layer_meshing_ver.comi'

PREVIEW OPTION=UNPICK REDISPLAY=YES
THREED OPTION=SETVIEW SIZE=0
$ COMI 'C:\Users\mzhao\OPERA_MSR\layer_meshing_ver.comi'
CLEAR REVERT=NO
yes
LOAD OPTION=INSERT FILE='stpfiles//laye35_body.STEP'
LOAD OPTION=INSERT FILE='stpfiles//laye3_body.STEP'
LOAD OPTION=INSERT FILE='stpfiles//layer3_body.STEP'
LOAD OPTION=INSERT FILE='stpfiles//layer3_door.STEP'
FILTER TYPE=FACE
FILTER COMMAND=CURSORHIDE
SELECT OPTION=CURSORHIDE TYPE=FACE UNIQUEBODYNAME='Unnamed:AAA-001' IDENTIFIER=A.00084
SELECT OPTION=CURSORHIDE TYPE=FACE UNIQUEBODYNAME='Unnamed:AAA-001' IDENTIFIER=A.00093
$ COMI 'C:\Users\mzhao\OPERA_MSR\layer_meshing_ver.comi'
FILTER TYPE=BODY
PREVIEW OPTION=PICK | PICK OPTION=ADD PROPERTY=UniqueName LABEL='Unnamed:AAB-001'

PREVIEW OPTION=UNPICK REDISPLAY=YES
PREVIEW OPTION=PICK | PICK OPTION=ADD PROPERTY=UniqueName LABEL='Unnamed:AAB-001'

PREVIEW OPTION=UNPICK REDISPLAY=YES
PICK OPTION=TOGGLE PROPERTY=UniqueName LABEL='Unnamed:AAB-001'
TRANSFORM OPTION=APPLY KEEP=YES TYPE=DISPLACE DU=1 DV=0 DW=0
TRANSFORM OPTION=APPLY KEEP=YES TYPE=DISPLACE DU=0 DV=0 DW=0
TRANSFORM OPTION=APPLY KEEP=YES TYPE=DISPLACE DU=0 DV=0 DW=0
TRANSFORM OPTION=APPLY KEEP=YES TYPE=DISPLACE DU=-1 DV=0 DW=0
PREVIEW OPTION=START REDISPLAY=NO | TRANSFORM OPTION=APPLY TYPE=DISPLACE DU=0 DV=1 DW=0
PREVIEW OPTION=END REDISPLAY=NO |   TRANSFORM OPTION=APPLY KEEP=NO TYPE=DISPLACE DU=0 DV=0 DW=0
FILTER COMMAND=PICK
FILTER TYPE=FACE
PREVIEW OPTION=PICK | PICK OPTION=ADD TYPE=FACE UNIQUEBODYNAME='Unnamed:AAB-001' IDENTIFIER=A.00012

PREVIEW OPTION=UNPICK REDISPLAY=YES
$ COMI 'C:\Users\mzhao\OPERA_MSR\layer_meshing_ver.comi'
BACKGROUND OPTION=LOAD
BACKGROUND OPTION=SET SHAPE=BLOCK SCALEX=2 SCALEY=2 SCALEZ=2   XYSYMMETRYPLANE=NO YZSYMMETRYPLANE=YES ROTZNUM=1 ZXSYMMETRYPLANE=NO EMRYZ=TANGMAGN
MODEL CREATE
MESH GENERATOR=AUTOMATIC SIZE=1.0 NORMALTOL=30.0 SURFACETOL=0.0 TOLERANCE=1.0E-06 TYPE=PREFERTETRA
FILL TOL=1.0E-06
MODEL DELETE
PREVIEW OPTION=PICK | PICK OPTION=ADD PROPERTY=UniqueName LABEL='layer5_body'

PREVIEW OPTION=UNPICK REDISPLAY=YES
FILTER TYPE=FACE
PREVIEW OPTION=PICK | PICK OPTION=ADD TYPE=FACE UNIQUEBODYNAME='layer5_body' IDENTIFIER=A.00168

PREVIEW OPTION=UNPICK REDISPLAY=YES
PREVIEW OPTION=PICK | PICK OPTION=ADD TYPE=FACE UNIQUEBODYNAME='layer5_body' IDENTIFIER=A.00166

PREVIEW OPTION=UNPICK REDISPLAY=YES
PREVIEW OPTION=PICK | PICK OPTION=ADD TYPE=FACE UNIQUEBODYNAME='layer5_body' IDENTIFIER=A.00164

PREVIEW OPTION=UNPICK REDISPLAY=YES
PREVIEW OPTION=PICK | PICK OPTION=ADD TYPE=FACE UNIQUEBODYNAME='layer5_body' IDENTIFIER=A.00168

PREVIEW OPTION=UNPICK REDISPLAY=YES
PREVIEW OPTION=PICK | PICK OPTION=ADD TYPE=FACE UNIQUEBODYNAME='layer5_body' IDENTIFIER=A.00169

PREVIEW OPTION=UNPICK REDISPLAY=YES
$ COMI 'C:\Users\mzhao\OPERA_MSR\layer_meshing_ver.comi'
$ COMI 'C:\Users\mzhao\OPERA_MSR\layer_meshing_ver.comi'
$ COMI 'C:\Users\mzhao\OPERA_MSR\layer_meshing_ver.comi'
MODEL CREATE
MESH GENERATOR=AUTOMATIC SIZE=1.0 NORMALTOL=30.0 SURFACETOL=0.0 TOLERANCE=1.0E-06 TYPE=PREFERTETRA
$ COMI 'C:\Users\mzhao\OPERA_MSR\layer_meshing_ver.comi'
$ COMI 'C:\Users\mzhao\OPERA_MSR\layer_meshing_ver.comi'
$ COMI 'C:\Users\mzhao\OPERA_MSR\layer_meshing_ver.comi'
MODEL CREATE
MESH GENERATOR=AUTOMATIC SIZE=1.0 NORMALTOL=30.0 SURFACETOL=0.0 TOLERANCE=1.0E-06 TYPE=PREFERTETRA
$ COMI 'C:\Users\mzhao\OPERA_MSR\layer_meshing_ver.comi'
PREVIEW OPTION=PICK | PICK OPTION=ADD PROPERTY=UniqueName LABEL='Unnamed:AAC-001'

PREVIEW OPTION=UNPICK REDISPLAY=YES
FILTER TYPE=BODY
FILTER TYPE=FACE
PREVIEW OPTION=PICK | PICK OPTION=ADD TYPE=FACE UNIQUEBODYNAME='Unnamed:AAC-001' IDENTIFIER=A.00082

PREVIEW OPTION=UNPICK REDISPLAY=YES
PREVIEW OPTION=PICK | PICK OPTION=ADD TYPE=FACE UNIQUEBODYNAME='Unnamed:AAC-001' IDENTIFIER=A.00084

PREVIEW OPTION=UNPICK REDISPLAY=YES
PREVIEW OPTION=PICK | PICK OPTION=ADD TYPE=FACE UNIQUEBODYNAME='Unnamed:AAC-001' IDENTIFIER=A.00085

PREVIEW OPTION=UNPICK REDISPLAY=YES
PREVIEW OPTION=PICK | PICK OPTION=ADD TYPE=FACE UNIQUEBODYNAME='Unnamed:AAC-001' IDENTIFIER=A.00083

PREVIEW OPTION=UNPICK REDISPLAY=YES
PREVIEW OPTION=PICK | PICK OPTION=ADD TYPE=FACE UNIQUEBODYNAME='Unnamed:AAC-001' IDENTIFIER=A.00086

PREVIEW OPTION=UNPICK REDISPLAY=YES
PREVIEW OPTION=PICK | PICK OPTION=ADD TYPE=FACE UNIQUEBODYNAME='Unnamed:AAC-001' IDENTIFIER=A.00087

PREVIEW OPTION=UNPICK REDISPLAY=YES
$ COMI 'C:\Users\mzhao\OPERA_MSR\layer_meshing_ver.comi'
$ COMI 'C:\Users\mzhao\OPERA_MSR\layer_meshing_ver.comi'
PREVIEW OPTION=PICK | PICK OPTION=ADD PROPERTY=UniqueName LABEL='layer3_door'

PREVIEW OPTION=UNPICK REDISPLAY=YES
FILTER TYPE=FACE
PREVIEW OPTION=PICK | PICK OPTION=ADD TYPE=FACE UNIQUEBODYNAME='layer3_door' IDENTIFIER=A.00010

PREVIEW OPTION=UNPICK REDISPLAY=YES
PREVIEW OPTION=PICK | PICK OPTION=ADD TYPE=FACE UNIQUEBODYNAME='layer3_door' IDENTIFIER=A.00010

PREVIEW OPTION=UNPICK REDISPLAY=YES
$ COMI 'C:\Users\mzhao\OPERA_MSR\layer_meshing_ver.comi'
PREVIEW OPTION=PICK | PICK OPTION=ADD PROPERTY=UniqueName LABEL='layer3_door'

PREVIEW OPTION=UNPICK REDISPLAY=YES
PREVIEW OPTION=PICK | PICK OPTION=ADD PROPERTY=UniqueName LABEL='layer3_door'

PREVIEW OPTION=UNPICK REDISPLAY=YES
FILTER TYPE=FACE
PREVIEW OPTION=PICK | PICK OPTION=ADD TYPE=FACE UNIQUEBODYNAME='layer3_door' IDENTIFIER=A.00010

PREVIEW OPTION=ACCEPT REDISPLAY=NO |  FACEDATA OPTION=MODIFY ELEMENTTYPE=Linear FORMETHOD=NONE BACKMETHOD=GEOMETRY BACKLAYERS=2 BACKOFFSET=0.0015
