/ Opera-3d Modeller
/ Opera 2020 SP3 [Build 2]
/ Started: 14/Jun/2024 14:57:33
/ Node: TUCAN-MAGPC. Processor: Intel64. System: Windows 10

$ COMI 'C:\Users\mzhao\OPERA_MSR\transient_test.comi'
$ COMI 'C:\Users\mzhao\OPERA_MSR\transient_test.comi'
$ COMI 'C:\Users\mzhao\OPERA_MSR\transient_test.comi'
$ COMI 'C:\Users\mzhao\OPERA_MSR\transient_test.comi'
$ COMI 'C:\Users\mzhao\OPERA_MSR\transient_test.comi'
$ COMI 'C:\Users\mzhao\OPERA_MSR\layer_meshing_ver.comi'
FILTER COMMAND=CURSORHIDE
SELECT OPTION=CURSORHIDE PROPERTY=UniqueName LABEL='l1_door'
SELECT OPTION=CURSORHIDE PROPERTY=UniqueName LABEL='l2_door'
SELECT OPTION=CURSORHIDE PROPERTY=UniqueName LABEL='l3_door'
SELECT OPTION=CURSORHIDE PROPERTY=UniqueName LABEL='l5_door'
FILTER COMMAND=PICK
FILTER TYPE=FACE
PREVIEW OPTION=PICK | PICK OPTION=ADD TYPE=FACE UNIQUEBODYNAME='l5_body' IDENTIFIER=A.00248

PREVIEW OPTION=UNPICK REDISPLAY=YES
PREVIEW OPTION=PICK | PICK OPTION=ADD TYPE=FACE UNIQUEBODYNAME='l5_body' IDENTIFIER=A.00250

PREVIEW OPTION=UNPICK REDISPLAY=YES
PREVIEW OPTION=PICK | PICK OPTION=ADD TYPE=FACE UNIQUEBODYNAME='l5_body' IDENTIFIER=A.00247

PREVIEW OPTION=UNPICK REDISPLAY=YES
PREVIEW OPTION=PICK | PICK OPTION=ADD TYPE=FACE UNIQUEBODYNAME='l5_body' IDENTIFIER=A.00249

PREVIEW OPTION=UNPICK REDISPLAY=YES
PREVIEW OPTION=PICK | PICK OPTION=ADD TYPE=FACE UNIQUEBODYNAME='l5_body' IDENTIFIER=A.00251

PREVIEW OPTION=UNPICK REDISPLAY=YES
PREVIEW OPTION=PICK | PICK OPTION=ADD TYPE=FACE UNIQUEBODYNAME='l5_body' IDENTIFIER=A.00247

PREVIEW OPTION=UNPICK REDISPLAY=YES
PREVIEW OPTION=PICK | PICK OPTION=ADD TYPE=FACE UNIQUEBODYNAME='l5_floor' IDENTIFIER=A.00056

PREVIEW OPTION=UNPICK REDISPLAY=YES
$ COMI 'C:\Users\mzhao\OPERA_MSR\layer_meshing_ver.comi'

PICK OPTION=RESET
PICK OPTION=GUIUPDATE
PICK OPTION=ADD | PICK PROPERTY=UniqueName LABEL=coil_air_out | PICK PROPERTY=UniqueName LABEL=coil_air_in
COMBINE OPERATION=SUBTRACT +REGULAR
PICK OPTION=GUIUPDATE
PICK OPTION=ADD, | PICK PROPERTY=Name LABEL=coil_air_in
PICK OPTION=ADD, | PICK PROPERTY=Name LABEL=coil_air_out
COMBINE OPERATION=SUBTRACT +REGULAR
$ COMI 'C:\Users\mzhao\OPERA_MSR\layer_meshing_ver.comi'
$ COMI 'C:\Users\mzhao\OPERA_MSR\layer_meshing_ver.comi'
PREVIEW OPTION=PICK | PICK OPTION=ADD PROPERTY=UniqueName LABEL='AB_l5_out'

PREVIEW OPTION=UNPICK REDISPLAY=YES
PICK OPTION=RESET
PICK OPTION=GUIUPDATE
PICK OPTION=GUIUPDATE
$ COMI 'C:\Users\mzhao\OPERA_MSR\layer_meshing_ver.comi'
$ COMI 'C:\Users\mzhao\OPERA_MSR\layer_meshing_ver.comi'
$ COMI 'C:\Users\mzhao\OPERA_MSR\layer_meshing_ver.comi'
PICK OPTION=GUIUPDATE
$ COMI 'C:\Users\mzhao\OPERA_MSR\layer_meshing_ver.comi'
COMBINE OPERATION=SUBTRACT +REGULAR
$ COMI 'C:\Users\mzhao\OPERA_MSR\layer_meshing_ver.comi'
COMBINE OPERATION=CUTAWAY +REGULAR
PICK OPTION=GUIUPDATE
PICK OPTION=TOGGLE, | PICK PROPERTY=Name LABEL=coil_air_in
PICK OPTION=TOGGLE, | PICK PROPERTY=Name LABEL=coil_air_in
PICK OPTION=TOGGLE, | PICK PROPERTY=Name LABEL=coil_air_out
PICK OPTION=TOGGLE, | PICK PROPERTY=Name LABEL=coil_air_out
$ COMI 'C:\Users\mzhao\OPERA_MSR\layer_meshing_ver.comi'
$ COMI 'C:\Users\mzhao\OPERA_MSR\layer_meshing_ver.comi'
COMBINE OPERATION=SUBTRACT +REGULAR
$ COMI 'C:\Users\mzhao\OPERA_MSR\layer_meshing_ver.comi'
COMBINE OPERATION=SUBTRACT +REGULAR
MODEL CREATE
PICK OPTION=TOGGLE PROPERTY=UniqueName LABEL='ModelBody'
