/ Opera-3d Modeller
/ Opera 2020 SP3 [Build 2]
/ Started: 12/Jun/2024 12:38:27
/ Node: TUCAN-MAGPC. Processor: Intel64. System: Windows 10

SOLENOID OPTION=LOAD
SOLENOID OPTION=NEW -KEEP XP1=1 YP1=1 XP2=1 YP2=1.01 XP3=1.01 YP3=1.01 XP4=1.01 YP4=1 CU1=0 CU2=0 CU3=0 CU4=0 INCIRCUIT=NO CIRCUITELEMENT= CURD=100 TOLERANCE=TOLERANCE DRIVELABEL='Default_Drive' THETA2=0 PHI2=0 PSI2=0 XCEN2=0 YCEN2=0 ZCEN2=0 LCNAME='Global coordinate system' RXY=0 RYZ=0 RZX=0 SYMMETRY=1 MODELCOMPONENT=NO
MULTIPHYSICS OPTION=RESET
ANALYSISDATA OPTION=SET PROGRAM=ELEKTRATR CONVTOL=1e-08 DELTAT=0.01 HX=0 HY=0 HZ=0 LINEAR=YES LOGLIST= LOGLIST+=TTime RHS=ADAPTIVE UPDATE=SIMPLE USEDEFORMEDMESH=NO
DRIVE UNPICK | DRIVE GUIINIT
DRIVE PICK 'Default_Drive'
DRIVE OPTION=MODIFY TYPE=SINE SINFREQUENCY=0.1 SCALE=10
DRIVE OPTION=MODIFY TYPE=SINE SINFREQUENCY=0.1 SCALE=10 | DRIVE UNPICK
$ COMI 'C:\Users\mzhao\OPERA_MSR\transient_test.comi'
SKETCH OBJECT=BLOCK +COMPLETE
PREVIEW OPTION=START REDISPLAY=NO | BLOCK Name='Block' X0=2 Y0=2 Z0=2 X1=-2 Y1=-2 Z1=-2 MATERIALLABEL='Air' LEVEL=300
PREVIEW OPTION=END REDISPLAY=NO |  BLOCK Name='Block' X0=2 Y0=2 Z0=2 X1=-2 Y1=-2 Z1=-2 MATERIALLABEL='Air' LEVEL=300
FILTER TYPE=BODY
PREVIEW OPTION=PICK | PICK OPTION=ADD PROPERTY=UniqueName LABEL='Block'

PREVIEW OPTION=ACCEPT REDISPLAY=NO |  CELLDATA OPTION=MODIFY MATERIALLABEL='Air' POTENTIAL=Reduced ELEMENTTYPE=Linear LEVEL=300 ELEMSHAPEPREF=NONE
$ COMI 'C:\Users\mzhao\OPERA_MSR\transient_test.comi'

PREVIEW OPTION=UNPICK REDISPLAY=YES
MESH GENERATOR=AUTOMATIC SIZE=1.0 NORMALTOL=30.0 SURFACETOL=0.0 TOLERANCE=1.0E-06 TYPE=PREFERTETRA
MESH GENERATOR=AUTOMATIC SIZE=0.1 NORMALTOL=30.0 SURFACETOL=0.0 TOLERANCE=1.0E-06 TYPE=PREFERTETRA
FILL TOL=1.0E-06
SOLVERS ELEMENT=LINEAR,| SOLVERS SOLVENOW=NO SAVEMODEL=YES, | SOLVERS OPTION=TEST FILE='transient_test' UNITS=METRE SURFACE=CURVED | COMMENT CLEAR=YES TYPE=DBTITLE | SOLVERS OPTION=OVERWRITE
$ COMI 'C:\Users\mzhao\OPERA_MSR\transient_test.comi'
MESH GENERATOR=AUTOMATIC SIZE=0.5 NORMALTOL=30.0 SURFACETOL=0.0 TOLERANCE=1.0E-06 TYPE=PREFERTETRA
FILL TOL=1.0E-06
SOLVERS ELEMENT=LINEAR,| SOLVERS SOLVENOW=NO SAVEMODEL=YES, | SOLVERS OPTION=TEST FILE='transient_test' UNITS=METRE SURFACE=CURVED | COMMENT CLEAR=YES TYPE=DBTITLE | SOLVERS OPTION=OVERWRITE
MULTIPHYSICS OPTION=RESET
DBCASEDATA PROGRAM=ELEKTRATR OPTION=CLEAR
DBCASEDATA PROGRAM=ELEKTRATR OPTION=INSERT VALUE=0;20;1 INDEX=1
ANALYSISDATA OPTION=SET PROGRAM=ELEKTRATR CONVTOL=1e-08 DELTAT=0.01 HX=0 HY=0 HZ=0 LINEAR=YES LOGLIST= LOGLIST+=TTime RHS=ADAPTIVE UPDATE=SIMPLE USEDEFORMEDMESH=NO
$ COMI 'C:\Users\mzhao\OPERA_MSR\transient_test.comi'
MESH GENERATOR=AUTOMATIC SIZE=0.1 NORMALTOL=30.0 SURFACETOL=0.0 TOLERANCE=1.0E-06 TYPE=PREFERTETRA
MESH GENERATOR=AUTOMATIC SIZE=0.5 NORMALTOL=30.0 SURFACETOL=0.0 TOLERANCE=1.0E-06 TYPE=PREFERTETRA
FILL TOL=1.0E-06
SOLVERS ELEMENT=LINEAR,| SOLVERS SOLVENOW=YES SAVEMODEL=YES, | SOLVERS OPTION=TEST FILE='transient_test' UNITS=METRE SURFACE=CURVED | COMMENT CLEAR=YES TYPE=DBTITLE | SOLVERS OPTION=OVERWRITE
$ COMI 'C:\Users\mzhao\OPERA_MSR\transient_test.comi'
MESH GENERATOR=AUTOMATIC SIZE=0.5 NORMALTOL=30.0 SURFACETOL=0.0 TOLERANCE=1.0E-06 TYPE=PREFERTETRA
FILL TOL=1.0E-06
SOLVERS ELEMENT=LINEAR,| SOLVERS SOLVENOW=NO SAVEMODEL=YES, | SOLVERS OPTION=TEST FILE='transient_test' UNITS=METRE SURFACE=CURVED | COMMENT CLEAR=YES TYPE=DBTITLE | SOLVERS OPTION=OVERWRITE
RACETRACK OPTION=LOAD
BRICK8 OPTION=LOAD
BEDSTEAD OPTION=LOAD
RACETRACK OPTION=LOAD
