/ Opera-3d Post-Processor
/ Opera 2020 SP3 [Build 2]
/ Started: 14/Jun/2024 11:17:27
/ Node: TUCAN-MAGPC. Processor: Intel64. System: Windows 10
ACTIVATE FILE='C:\Users\mzhao\OPERA_MSR\pure_perturbation.op3' | LOAD | SELECT ACTION=DEFAULT | SELECT ACTION=SELECT OPTION=SURFACES | THREED OPTION=REFRESH

SIMULATION CASE=6
THREED OPTION=GETVIEW
THREED TYPE=SURFACE VECTOR=YES VX=Jx VY=Jy VZ=Jz VMIN=* VMAX=* VECSBYSIZE=YES VSCALEOPTION=AUTOMATIC VAUTOSCALE=1 XORIGIN=0 YORIGIN=0 ZORIGIN=0 ROTX=20 ROTY=20 ROTZ=0 XASPECT=1 YASPECT=1 ZASPECT=1 SIZE=2.77 FACETANGLE=10 PERSPECTIVE=YES LINECOLOUR=YES USEOUTERELEM=NO OPTION=SETVIEW
THREED TYPE=SURFACE VECTOR=YES VX=Jx VY=Jy VZ=Jz VMIN=* VMAX=* VECSBYSIZE=YES VSCALEOPTION=AUTOMATIC VAUTOSCALE=1 XORIGIN=0 YORIGIN=0 ZORIGIN=0 ROTX=20 ROTY=20 ROTZ=0 XASPECT=1 YASPECT=1 ZASPECT=1 SIZE=2.77 FACETANGLE=10 PERSPECTIVE=YES LINECOLOUR=YES USEOUTERELEM=NO OPTION=SETVIEW
THREED OPTION=GETVIEW
THREED TYPE=COMPONENT COMPONENT=J MIN=* MAX=* VECTOR=YES VX=Jx VY=Jy VZ=Jz VMIN=* VMAX=* VECSBYSIZE=YES VSCALEOPTION=AUTOMATIC VAUTOSCALE=1 XORIGIN=0.631349805276185 YORIGIN=-0.828139743272563 ZORIGIN=0.550555161765293 ROTX=19.9999997030482 ROTY=19.9999996809095 ROTZ=9.99999946523687E-05 XASPECT=1 YASPECT=1 ZASPECT=1 SIZE=0.325678978272063 FACETANGLE=10 PERSPECTIVE=YES LINECOLOUR=YES USEOUTERELEM=NO OPTION=SETVIEW
THREED TYPE=COMPONENT COMPONENT=J MIN=* MAX=* VECTOR=YES VX=Jx VY=Jy VZ=Jz VMIN=* VMAX=* VECSBYSIZE=YES VSCALEOPTION=AUTOMATIC VAUTOSCALE=1 XORIGIN=0.631349805276185 YORIGIN=-0.828139743272563 ZORIGIN=0.550555161765293 ROTX=19.9999997030482 ROTY=19.9999996809095 ROTZ=9.99999946523687E-05 XASPECT=1 YASPECT=1 ZASPECT=1 SIZE=0.325678978272063 FACETANGLE=10 PERSPECTIVE=YES LINECOLOUR=YES USEOUTERELEM=NO OPTION=SETVIEW
THREED OPTION=GETVIEW | THREED OPTION=SETVIEW ROTX=90 ROTY=0.0001 ROTZ=0.0001
THREED OPTION=SETVIEW SIZE=0
THREED OPTION=SETVIEW SIZE=0
THREED OPTION=GETVIEW
THREED TYPE=COMPONENT COMPONENT=X MIN=2.5 MAX=2.51 VECTOR=YES VX=Jx VY=Jy VZ=Jz VMIN=* VMAX=* VECSBYSIZE=YES VSCALEOPTION=AUTOMATIC VAUTOSCALE=1 XORIGIN=2.17131426999115 YORIGIN=-2.42199860966687E-03 ZORIGIN=-1.10947395616171 ROTX=50.9014308937734 ROTY=-14.8813096440844 ROTZ=11.4069058630607 XASPECT=1 YASPECT=1 ZASPECT=1 SIZE=0.271206939218299 FACETANGLE=10 PERSPECTIVE=YES LINECOLOUR=YES USEOUTERELEM=NO OPTION=SETVIEW
CARTESIAN  Z1=1 Z4=Z1 X1=2.45 X2=X1 Z3=-1 Z2=Z3 X3=2.55 X4=X3 Y1=0 Y2=Y1 Y3=Y1 Y4=Y1 CORNERS=4 N1=10 N2=10 BUFFERNAME=Cartesian | MAP FILE=TEMP COMPONENT=X
CARTESIAN  Z1=1 Z4=Z1 X1=2.7 X2=X1 Z3=-1 Z2=Z3 X3=2.8 X4=X3 Y1=0 Y2=Y1 Y3=Y1 Y4=Y1 CORNERS=4 N1=10 N2=10 BUFFERNAME=Cartesian | MAP FILE=TEMP COMPONENT=X
LINE  BUFFERNAME='Line' X1=3.5 Y1=0 Y2=Y1 Z1=0 Z2=Z1 X2=-3.5 NP=100 | DATALINE OPTION=CREATE BUFFERNAME='&VF_PLOTBUF&' MINX=* MAXX=* NAME='NewLine' XCOMPONENT=X YCOMPONENT=By INTERPOLATION=LINEAR GRAPH='Default'
